<?xml version="1.0" encoding="UTF-8"?>
<testng-results skipped="0" failed="1" ignored="0" total="1" passed="0">
  <reporter-output>
  </reporter-output>
  <suite name="Default suite" duration-ms="165287" started-at="2020-08-13T15:27:18 IST" finished-at="2020-08-13T15:30:03 IST">
    <groups>
    </groups>
    <test name="Default test" duration-ms="165287" started-at="2020-08-13T15:27:18 IST" finished-at="2020-08-13T15:30:03 IST">
      <class name="com.qa.tests.StatusUploadTest">
        <test-method status="PASS" signature="openFacebook()[pri:0, instance:com.qa.tests.StatusUploadTest@9660f4e]" name="openFacebook" is-config="true" duration-ms="93250" started-at="2020-08-13T15:27:18 IST" finished-at="2020-08-13T15:28:51 IST">
          <reporter-output>
          </reporter-output>
        </test-method> <!-- openFacebook -->
        <test-method status="FAIL" signature="statusUploadSuccess()[pri:0, instance:com.qa.tests.StatusUploadTest@9660f4e]" name="statusUploadSuccess" duration-ms="63406" started-at="2020-08-13T15:28:51 IST" finished-at="2020-08-13T15:29:54 IST">
          <exception class="java.lang.AssertionError">
            <message>
              <![CDATA[Expected test failed]]>
            </message>
            <full-stacktrace>
              <![CDATA[java.lang.AssertionError: Expected test failed
at org.testng.Assert.fail(Assert.java:99)
at com.qa.tests.StatusUploadTest.statusUploadSuccess(StatusUploadTest.java:69)
at sun.reflect.NativeMethodAccessorImpl.invoke0(Native Method)
at sun.reflect.NativeMethodAccessorImpl.invoke(Unknown Source)
at sun.reflect.DelegatingMethodAccessorImpl.invoke(Unknown Source)
at java.lang.reflect.Method.invoke(Unknown Source)
at org.testng.internal.MethodInvocationHelper.invokeMethod(MethodInvocationHelper.java:132)
at org.testng.internal.TestInvoker.invokeMethod(TestInvoker.java:599)
at org.testng.internal.TestInvoker.invokeTestMethod(TestInvoker.java:174)
at org.testng.internal.MethodRunner.runInSequence(MethodRunner.java:46)
at org.testng.internal.TestInvoker$MethodInvocationAgent.invoke(TestInvoker.java:822)
at org.testng.internal.TestInvoker.invokeTestMethods(TestInvoker.java:147)
at org.testng.internal.TestMethodWorker.invokeTestMethods(TestMethodWorker.java:146)
at org.testng.internal.TestMethodWorker.run(TestMethodWorker.java:128)
at java.util.ArrayList.forEach(Unknown Source)
at org.testng.TestRunner.privateRun(TestRunner.java:764)
at org.testng.TestRunner.run(TestRunner.java:585)
at org.testng.SuiteRunner.runTest(SuiteRunner.java:384)
at org.testng.SuiteRunner.runSequentially(SuiteRunner.java:378)
at org.testng.SuiteRunner.privateRun(SuiteRunner.java:337)
at org.testng.SuiteRunner.run(SuiteRunner.java:286)
at org.testng.SuiteRunnerWorker.runSuite(SuiteRunnerWorker.java:53)
at org.testng.SuiteRunnerWorker.run(SuiteRunnerWorker.java:96)
at org.testng.TestNG.runSuitesSequentially(TestNG.java:1218)
at org.testng.TestNG.runSuitesLocally(TestNG.java:1140)
at org.testng.TestNG.runSuites(TestNG.java:1069)
at org.testng.TestNG.run(TestNG.java:1037)
at org.testng.remote.AbstractRemoteTestNG.run(AbstractRemoteTestNG.java:115)
at org.testng.remote.RemoteTestNG.initAndRun(RemoteTestNG.java:251)
at org.testng.remote.RemoteTestNG.main(RemoteTestNG.java:77)
]]>
            </full-stacktrace>
          </exception> <!-- java.lang.AssertionError -->
          <reporter-output>
          </reporter-output>
        </test-method> <!-- statusUploadSuccess -->
        <test-method status="PASS" signature="closeBrowser()[pri:0, instance:com.qa.tests.StatusUploadTest@9660f4e]" name="closeBrowser" is-config="true" duration-ms="7668" started-at="2020-08-13T15:29:55 IST" finished-at="2020-08-13T15:30:02 IST">
          <reporter-output>
          </reporter-output>
        </test-method> <!-- closeBrowser -->
        <test-method status="PASS" signature="tearDown()[pri:0, instance:com.qa.tests.StatusUploadTest@9660f4e]" name="tearDown" is-config="true" duration-ms="0" started-at="2020-08-13T15:30:02 IST" finished-at="2020-08-13T15:30:02 IST">
          <reporter-output>
          </reporter-output>
        </test-method> <!-- tearDown -->
      </class> <!-- com.qa.tests.StatusUploadTest -->
    </test> <!-- Default test -->
  </suite> <!-- Default suite -->
</testng-results>
